2023-07-15 20:26:18.355 [main] INFO  com.ringo.RingoApplication - Starting RingoApplication using Java 17.0.5 with PID 25433 (/Users/aleksandr/RingoNew/Ringo/build/classes/java/main started by aleksandr in /Users/aleksandr/RingoNew/Ringo)
2023-07-15 20:26:18.368 [main] INFO  com.ringo.RingoApplication - No active profile set, falling back to 1 default profile: "default"
2023-07-15 20:26:20.751 [main] INFO  o.s.d.r.c.RepositoryConfigurationDelegate - Bootstrapping Spring Data JPA repositories in DEFAULT mode.
2023-07-15 20:26:21.284 [main] INFO  o.s.d.r.c.RepositoryConfigurationDelegate - Finished Spring Data repository scanning in 515 ms. Found 13 JPA repository interfaces.
2023-07-15 20:26:22.943 [main] INFO  o.s.b.w.e.tomcat.TomcatWebServer - Tomcat initialized with port(s): 8080 (http)
2023-07-15 20:26:22.966 [main] INFO  o.a.catalina.core.StandardService - Starting service [Tomcat]
2023-07-15 20:26:22.967 [main] INFO  o.a.catalina.core.StandardEngine - Starting Servlet engine: [Apache Tomcat/10.1.5]
2023-07-15 20:26:23.179 [main] INFO  o.a.c.c.C.[Tomcat].[localhost].[/] - Initializing Spring embedded WebApplicationContext
2023-07-15 20:26:23.180 [main] INFO  o.s.b.w.s.c.ServletWebServerApplicationContext - Root WebApplicationContext: initialization completed in 4188 ms
2023-07-15 20:26:23.412 [main] INFO  com.zaxxer.hikari.HikariDataSource - HikariPool-1 - Starting...
2023-07-15 20:26:23.786 [main] INFO  com.zaxxer.hikari.pool.HikariPool - HikariPool-1 - Added connection org.postgresql.jdbc.PgConnection@7e58f697
2023-07-15 20:26:23.792 [main] INFO  com.zaxxer.hikari.HikariDataSource - HikariPool-1 - Start completed.
2023-07-15 20:26:24.019 [main] INFO  liquibase.database - Set default schema name to public
2023-07-15 20:26:24.203 [main] INFO  liquibase.lockservice - Successfully acquired change log lock
2023-07-15 20:26:24.376 [main] INFO  liquibase.changelog - Reading resource: liquibase/change-logs/000-changelog.xml
2023-07-15 20:26:24.904 [main] INFO  liquibase.changelog - Reading resource: liquibase/change-logs/001-category.sql
2023-07-15 20:26:24.908 [main] INFO  liquibase.changelog - Reading resource: liquibase/change-logs/002-currency.sql
2023-07-15 20:26:24.910 [main] INFO  liquibase.changelog - Reading resource: liquibase/change-logs/009-get_distance.sql
2023-07-15 20:26:25.032 [main] INFO  liquibase.changelog - Reading from public.databasechangelog
2023-07-15 20:26:25.190 [main] INFO  liquibase.lockservice - Successfully released change log lock
2023-07-15 20:26:25.378 [main] INFO  o.h.jpa.internal.util.LogHelper - HHH000204: Processing PersistenceUnitInfo [name: default]
2023-07-15 20:26:25.480 [main] INFO  org.hibernate.Version - HHH000412: Hibernate ORM core version 6.1.7.Final
2023-07-15 20:26:26.055 [main] INFO  SQL dialect - HHH000400: Using dialect: org.hibernate.dialect.PostgreSQLDialect
2023-07-15 20:26:27.712 [main] INFO  o.h.e.t.j.p.i.JtaPlatformInitiator - HHH000490: Using JtaPlatform implementation: [org.hibernate.engine.transaction.jta.platform.internal.NoJtaPlatform]
2023-07-15 20:26:27.725 [main] INFO  o.s.o.j.LocalContainerEntityManagerFactoryBean - Initialized JPA EntityManagerFactory for persistence unit 'default'
2023-07-15 20:26:33.406 [main] INFO  c.r.service.common.CurrencyExchanger - Updated exchange rates for currency: USD
2023-07-15 20:26:34.889 [main] INFO  c.r.service.common.CurrencyExchanger - Updated exchange rates for currency: EUR
2023-07-15 20:26:35.502 [main] INFO  c.r.service.common.CurrencyExchanger - Updated exchange rates for currency: UAH
2023-07-15 20:26:37.833 [main] INFO  o.s.s.web.DefaultSecurityFilterChain - Will secure any request with [org.springframework.security.web.session.DisableEncodeUrlFilter@6cd56b97, org.springframework.security.web.context.request.async.WebAsyncManagerIntegrationFilter@287b3acd, org.springframework.security.web.context.SecurityContextHolderFilter@1f652362, org.springframework.security.web.header.HeaderWriterFilter@265b5f05, org.springframework.web.filter.CorsFilter@2cb09f00, org.springframework.security.web.authentication.logout.LogoutFilter@44335e28, com.ringo.auth.JwtFilter@67231d8d, org.springframework.security.web.savedrequest.RequestCacheAwareFilter@78513ad9, org.springframework.security.web.servletapi.SecurityContextHolderAwareRequestFilter@3b5a4aa5, org.springframework.security.web.authentication.AnonymousAuthenticationFilter@2a769291, org.springframework.security.web.session.SessionManagementFilter@63782ad0, org.springframework.security.web.access.ExceptionTranslationFilter@b106842, org.springframework.security.web.access.intercept.AuthorizationFilter@cd90676]
2023-07-15 20:26:38.393 [main] INFO  o.s.b.w.e.tomcat.TomcatWebServer - Tomcat started on port(s): 8080 (http) with context path ''
2023-07-15 20:26:38.407 [main] INFO  com.ringo.RingoApplication - Started RingoApplication in 20.787 seconds (process running for 22.19)
2023-07-15 20:26:40.273 [http-nio-8080-exec-2] INFO  o.a.c.c.C.[Tomcat].[localhost].[/] - Initializing Spring DispatcherServlet 'dispatcherServlet'
2023-07-15 20:26:40.273 [http-nio-8080-exec-2] INFO  o.s.web.servlet.DispatcherServlet - Initializing Servlet 'dispatcherServlet'
2023-07-15 20:26:40.275 [http-nio-8080-exec-2] INFO  o.s.web.servlet.DispatcherServlet - Completed initialization in 2 ms
2023-07-15 20:26:40.617 [http-nio-8080-exec-2] INFO  c.ringo.service.security.AuthService - User [email: aahusar@gmail.com] is authenticated
2023-07-15 20:26:48.678 [http-nio-8080-exec-3] INFO  c.ringo.service.common.PhotoService - findPhoto: 1
2023-07-15 20:26:58.377 [SpringApplicationShutdownHook] INFO  o.s.o.j.LocalContainerEntityManagerFactoryBean - Closing JPA EntityManagerFactory for persistence unit 'default'
2023-07-15 20:26:58.381 [SpringApplicationShutdownHook] INFO  com.zaxxer.hikari.HikariDataSource - HikariPool-1 - Shutdown initiated...
2023-07-15 20:26:58.385 [SpringApplicationShutdownHook] INFO  com.zaxxer.hikari.HikariDataSource - HikariPool-1 - Shutdown completed.
2023-07-15 20:27:11.506 [main] INFO  com.ringo.RingoApplication - Starting RingoApplication using Java 17.0.5 with PID 25453 (/Users/aleksandr/RingoNew/Ringo/build/classes/java/main started by aleksandr in /Users/aleksandr/RingoNew/Ringo)
2023-07-15 20:27:11.512 [main] INFO  com.ringo.RingoApplication - No active profile set, falling back to 1 default profile: "default"
2023-07-15 20:27:13.351 [main] INFO  o.s.d.r.c.RepositoryConfigurationDelegate - Bootstrapping Spring Data JPA repositories in DEFAULT mode.
2023-07-15 20:27:13.557 [main] INFO  o.s.d.r.c.RepositoryConfigurationDelegate - Finished Spring Data repository scanning in 191 ms. Found 13 JPA repository interfaces.
2023-07-15 20:27:14.540 [main] INFO  o.s.b.w.e.tomcat.TomcatWebServer - Tomcat initialized with port(s): 8080 (http)
2023-07-15 20:27:14.553 [main] INFO  o.a.catalina.core.StandardService - Starting service [Tomcat]
2023-07-15 20:27:14.554 [main] INFO  o.a.catalina.core.StandardEngine - Starting Servlet engine: [Apache Tomcat/10.1.5]
2023-07-15 20:27:14.778 [main] INFO  o.a.c.c.C.[Tomcat].[localhost].[/] - Initializing Spring embedded WebApplicationContext
2023-07-15 20:27:14.780 [main] INFO  o.s.b.w.s.c.ServletWebServerApplicationContext - Root WebApplicationContext: initialization completed in 2854 ms
2023-07-15 20:27:14.956 [main] INFO  com.zaxxer.hikari.HikariDataSource - HikariPool-1 - Starting...
2023-07-15 20:27:15.210 [main] INFO  com.zaxxer.hikari.pool.HikariPool - HikariPool-1 - Added connection org.postgresql.jdbc.PgConnection@21527b8
2023-07-15 20:27:15.215 [main] INFO  com.zaxxer.hikari.HikariDataSource - HikariPool-1 - Start completed.
2023-07-15 20:27:15.372 [main] INFO  liquibase.database - Set default schema name to public
2023-07-15 20:27:15.529 [main] INFO  liquibase.lockservice - Successfully acquired change log lock
2023-07-15 20:27:15.790 [main] INFO  liquibase.changelog - Reading resource: liquibase/change-logs/000-changelog.xml
2023-07-15 20:27:16.280 [main] INFO  liquibase.changelog - Reading resource: liquibase/change-logs/001-category.sql
2023-07-15 20:27:16.283 [main] INFO  liquibase.changelog - Reading resource: liquibase/change-logs/002-currency.sql
2023-07-15 20:27:16.284 [main] INFO  liquibase.changelog - Reading resource: liquibase/change-logs/009-get_distance.sql
2023-07-15 20:27:16.368 [main] INFO  liquibase.changelog - Reading from public.databasechangelog
2023-07-15 20:27:16.492 [main] INFO  liquibase.lockservice - Successfully released change log lock
2023-07-15 20:27:16.611 [main] INFO  o.h.jpa.internal.util.LogHelper - HHH000204: Processing PersistenceUnitInfo [name: default]
2023-07-15 20:27:16.701 [main] INFO  org.hibernate.Version - HHH000412: Hibernate ORM core version 6.1.7.Final
2023-07-15 20:27:17.279 [main] INFO  SQL dialect - HHH000400: Using dialect: org.hibernate.dialect.PostgreSQLDialect
2023-07-15 20:27:19.180 [main] INFO  o.h.e.t.j.p.i.JtaPlatformInitiator - HHH000490: Using JtaPlatform implementation: [org.hibernate.engine.transaction.jta.platform.internal.NoJtaPlatform]
2023-07-15 20:27:19.190 [main] INFO  o.s.o.j.LocalContainerEntityManagerFactoryBean - Initialized JPA EntityManagerFactory for persistence unit 'default'
2023-07-15 20:27:24.218 [main] INFO  c.r.service.common.CurrencyExchanger - Updated exchange rates for currency: USD
2023-07-15 20:27:25.397 [main] INFO  c.r.service.common.CurrencyExchanger - Updated exchange rates for currency: EUR
2023-07-15 20:27:26.645 [main] INFO  c.r.service.common.CurrencyExchanger - Updated exchange rates for currency: UAH
2023-07-15 20:27:28.615 [main] INFO  o.s.s.web.DefaultSecurityFilterChain - Will secure any request with [org.springframework.security.web.session.DisableEncodeUrlFilter@720eae47, org.springframework.security.web.context.request.async.WebAsyncManagerIntegrationFilter@45b97486, org.springframework.security.web.context.SecurityContextHolderFilter@7dc8d054, org.springframework.security.web.header.HeaderWriterFilter@d8194cc, org.springframework.web.filter.CorsFilter@6bab65b6, org.springframework.security.web.authentication.logout.LogoutFilter@3b887e2b, com.ringo.auth.JwtFilter@1227862a, org.springframework.security.web.savedrequest.RequestCacheAwareFilter@47c06ea9, org.springframework.security.web.servletapi.SecurityContextHolderAwareRequestFilter@53a8059, org.springframework.security.web.authentication.AnonymousAuthenticationFilter@6a4430d7, org.springframework.security.web.session.SessionManagementFilter@611f774a, org.springframework.security.web.access.ExceptionTranslationFilter@30cf6802, org.springframework.security.web.access.intercept.AuthorizationFilter@2022e444]
2023-07-15 20:27:29.052 [main] INFO  o.s.b.w.e.tomcat.TomcatWebServer - Tomcat started on port(s): 8080 (http) with context path ''
2023-07-15 20:27:29.068 [main] INFO  com.ringo.RingoApplication - Started RingoApplication in 18.188 seconds (process running for 19.009)
2023-07-15 20:27:29.772 [http-nio-8080-exec-1] INFO  o.a.c.c.C.[Tomcat].[localhost].[/] - Initializing Spring DispatcherServlet 'dispatcherServlet'
2023-07-15 20:27:29.773 [http-nio-8080-exec-1] INFO  o.s.web.servlet.DispatcherServlet - Initializing Servlet 'dispatcherServlet'
2023-07-15 20:27:29.774 [http-nio-8080-exec-1] INFO  o.s.web.servlet.DispatcherServlet - Completed initialization in 1 ms
2023-07-15 20:27:29.820 [http-nio-8080-exec-1] INFO  c.ringo.service.common.PhotoService - findPhoto: 1
2023-07-15 20:27:51.952 [SpringApplicationShutdownHook] INFO  o.s.o.j.LocalContainerEntityManagerFactoryBean - Closing JPA EntityManagerFactory for persistence unit 'default'
2023-07-15 20:27:51.955 [SpringApplicationShutdownHook] INFO  com.zaxxer.hikari.HikariDataSource - HikariPool-1 - Shutdown initiated...
2023-07-15 20:27:51.958 [SpringApplicationShutdownHook] INFO  com.zaxxer.hikari.HikariDataSource - HikariPool-1 - Shutdown completed.
2023-07-15 20:39:01.307 [main] INFO  com.ringo.RingoApplication - Starting RingoApplication using Java 17.0.5 with PID 25705 (/Users/aleksandr/RingoNew/Ringo/build/classes/java/main started by aleksandr in /Users/aleksandr/RingoNew/Ringo)
2023-07-15 20:39:01.311 [main] INFO  com.ringo.RingoApplication - No active profile set, falling back to 1 default profile: "default"
2023-07-15 20:39:02.784 [main] INFO  o.s.d.r.c.RepositoryConfigurationDelegate - Bootstrapping Spring Data JPA repositories in DEFAULT mode.
2023-07-15 20:39:02.971 [main] INFO  o.s.d.r.c.RepositoryConfigurationDelegate - Finished Spring Data repository scanning in 174 ms. Found 13 JPA repository interfaces.
2023-07-15 20:39:03.866 [main] INFO  o.s.b.w.e.tomcat.TomcatWebServer - Tomcat initialized with port(s): 8080 (http)
2023-07-15 20:39:03.885 [main] INFO  o.a.catalina.core.StandardService - Starting service [Tomcat]
2023-07-15 20:39:03.885 [main] INFO  o.a.catalina.core.StandardEngine - Starting Servlet engine: [Apache Tomcat/10.1.5]
2023-07-15 20:39:04.037 [main] INFO  o.a.c.c.C.[Tomcat].[localhost].[/] - Initializing Spring embedded WebApplicationContext
2023-07-15 20:39:04.038 [main] INFO  o.s.b.w.s.c.ServletWebServerApplicationContext - Root WebApplicationContext: initialization completed in 2390 ms
2023-07-15 20:39:04.179 [main] INFO  com.zaxxer.hikari.HikariDataSource - HikariPool-1 - Starting...
2023-07-15 20:39:04.418 [main] INFO  com.zaxxer.hikari.pool.HikariPool - HikariPool-1 - Added connection org.postgresql.jdbc.PgConnection@46d1b59
2023-07-15 20:39:04.422 [main] INFO  com.zaxxer.hikari.HikariDataSource - HikariPool-1 - Start completed.
2023-07-15 20:39:04.556 [main] INFO  liquibase.database - Set default schema name to public
2023-07-15 20:39:04.670 [main] INFO  liquibase.lockservice - Successfully acquired change log lock
2023-07-15 20:39:04.813 [main] INFO  liquibase.changelog - Reading resource: liquibase/change-logs/000-changelog.xml
2023-07-15 20:39:05.140 [main] INFO  liquibase.changelog - Reading resource: liquibase/change-logs/001-category.sql
2023-07-15 20:39:05.144 [main] INFO  liquibase.changelog - Reading resource: liquibase/change-logs/002-currency.sql
2023-07-15 20:39:05.146 [main] INFO  liquibase.changelog - Reading resource: liquibase/change-logs/009-get_distance.sql
2023-07-15 20:39:05.227 [main] INFO  liquibase.changelog - Reading from public.databasechangelog
2023-07-15 20:39:05.358 [main] INFO  liquibase.lockservice - Successfully released change log lock
2023-07-15 20:39:05.475 [main] INFO  o.h.jpa.internal.util.LogHelper - HHH000204: Processing PersistenceUnitInfo [name: default]
2023-07-15 20:39:05.566 [main] INFO  org.hibernate.Version - HHH000412: Hibernate ORM core version 6.1.7.Final
2023-07-15 20:39:06.048 [main] INFO  SQL dialect - HHH000400: Using dialect: org.hibernate.dialect.PostgreSQLDialect
2023-07-15 20:39:07.455 [main] INFO  o.h.e.t.j.p.i.JtaPlatformInitiator - HHH000490: Using JtaPlatform implementation: [org.hibernate.engine.transaction.jta.platform.internal.NoJtaPlatform]
2023-07-15 20:39:07.469 [main] INFO  o.s.o.j.LocalContainerEntityManagerFactoryBean - Initialized JPA EntityManagerFactory for persistence unit 'default'
2023-07-15 20:39:12.412 [main] INFO  c.r.service.common.CurrencyExchanger - Updated exchange rates for currency: USD
2023-07-15 20:39:13.639 [main] INFO  c.r.service.common.CurrencyExchanger - Updated exchange rates for currency: EUR
2023-07-15 20:39:14.835 [main] INFO  c.r.service.common.CurrencyExchanger - Updated exchange rates for currency: UAH
2023-07-15 20:39:18.217 [main] INFO  o.s.s.web.DefaultSecurityFilterChain - Will secure any request with [org.springframework.security.web.session.DisableEncodeUrlFilter@26d78474, org.springframework.security.web.context.request.async.WebAsyncManagerIntegrationFilter@d85a651, org.springframework.security.web.context.SecurityContextHolderFilter@35d472c1, org.springframework.security.web.header.HeaderWriterFilter@77652fc6, org.springframework.web.filter.CorsFilter@3831fb48, org.springframework.security.web.authentication.logout.LogoutFilter@2694b6f6, com.ringo.auth.JwtFilter@4b50ebea, org.springframework.security.web.savedrequest.RequestCacheAwareFilter@45b97486, org.springframework.security.web.servletapi.SecurityContextHolderAwareRequestFilter@6a4430d7, org.springframework.security.web.authentication.AnonymousAuthenticationFilter@64b95cd7, org.springframework.security.web.session.SessionManagementFilter@57e21ffb, org.springframework.security.web.access.ExceptionTranslationFilter@3c01d268, org.springframework.security.web.access.intercept.AuthorizationFilter@2d00df20]
2023-07-15 20:39:18.653 [main] INFO  o.s.b.w.e.tomcat.TomcatWebServer - Tomcat started on port(s): 8080 (http) with context path ''
2023-07-15 20:39:18.667 [main] INFO  com.ringo.RingoApplication - Started RingoApplication in 17.929 seconds (process running for 18.583)
2023-07-15 20:39:21.462 [http-nio-8080-exec-2] INFO  o.a.c.c.C.[Tomcat].[localhost].[/] - Initializing Spring DispatcherServlet 'dispatcherServlet'
2023-07-15 20:39:21.462 [http-nio-8080-exec-2] INFO  o.s.web.servlet.DispatcherServlet - Initializing Servlet 'dispatcherServlet'
2023-07-15 20:39:21.464 [http-nio-8080-exec-2] INFO  o.s.web.servlet.DispatcherServlet - Completed initialization in 1 ms
2023-07-15 20:39:21.637 [http-nio-8080-exec-2] INFO  c.ringo.service.common.PhotoService - findPhoto: 1
2023-07-15 20:39:21.646 [http-nio-8080-exec-2] INFO  c.ringo.service.common.PhotoService - findPhoto: 1
2023-07-15 20:39:27.856 [http-nio-8080-exec-3] INFO  c.ringo.service.common.PhotoService - findPhoto: 2
2023-07-15 20:39:27.864 [http-nio-8080-exec-3] INFO  c.ringo.service.common.PhotoService - findPhoto: 2
2023-07-15 20:39:29.538 [http-nio-8080-exec-4] INFO  c.ringo.service.common.PhotoService - findPhoto: 3
2023-07-15 20:39:29.556 [http-nio-8080-exec-4] INFO  c.ringo.service.common.PhotoService - findPhoto: 3
2023-07-15 20:39:31.448 [http-nio-8080-exec-5] INFO  c.ringo.service.common.PhotoService - findPhoto: 4
2023-07-15 20:39:31.456 [http-nio-8080-exec-5] INFO  c.ringo.service.common.PhotoService - findPhoto: 4
2023-07-15 20:39:32.683 [http-nio-8080-exec-6] INFO  c.ringo.service.common.PhotoService - findPhoto: 5
2023-07-15 20:39:32.715 [http-nio-8080-exec-6] WARN  c.r.exception.GlobalExceptionHandler - Photo not found
2023-07-15 20:39:36.811 [SpringApplicationShutdownHook] INFO  o.s.o.j.LocalContainerEntityManagerFactoryBean - Closing JPA EntityManagerFactory for persistence unit 'default'
2023-07-15 20:39:36.816 [SpringApplicationShutdownHook] INFO  com.zaxxer.hikari.HikariDataSource - HikariPool-1 - Shutdown initiated...
2023-07-15 20:39:36.819 [SpringApplicationShutdownHook] INFO  com.zaxxer.hikari.HikariDataSource - HikariPool-1 - Shutdown completed.
